<?xml version="1.0" encoding="UTF-8"?>
<!-- Generated by org.testng.reporters.JUnitReportReporter -->
<testsuite skipped="0" hostname="DESKTOP-4BGC792" name="com.demoaut.newtours.tests.RegistrationTest" tests="1" failures="0" timestamp="15 Feb 2019 17:19:22 GMT" time="15.180" errors="0">
  <testcase name="Registration" time="15.180" classname="com.demoaut.newtours.tests.RegistrationTest"/>
</testsuite> <!-- com.demoaut.newtours.tests.RegistrationTest -->
